<?xml version="1.0" encoding="UTF-8"?>
<robot generator="Robot 7.3 (Python 3.13.4 on win32)" generated="2025-06-12T12:23:03.051811" rpa="false" schemaversion="5">
<suite id="s1" name="POST" source="C:\Users\akcha\PycharmProjects\RobotframeWork1\Api\POST.robot">
<test id="s1-t1" name="Get request example" line="14">
<kw name="Create Session" owner="RequestsLibrary">
<msg time="2025-06-12T12:23:03.470602" level="INFO">Creating Session using : alias=reqres, url=https://reqres.in/, headers={},                     cookies={}, auth=None, timeout=None, proxies=None, verify=False,                     debug=0 </msg>
<arg>reqres</arg>
<arg>${BASE_URL}</arg>
<doc>Create Session: create a HTTP session to a server</doc>
<status status="PASS" start="2025-06-12T12:23:03.469988" elapsed="0.000988"/>
</kw>
<kw name="POST On Session" owner="RequestsLibrary">
<msg time="2025-06-12T12:23:04.284499" level="INFO">POST Request : url=https://reqres.in/api/users 
 path_url=/api/users 
 headers={'User-Agent': 'python-requests/2.32.4', 'Accept-Encoding': 'gzip, deflate', 'Accept': '*/*', 'Connection': 'keep-alive', 'Content-Type': 'application/json', 'x-api-key': 'reqres-free-v1', 'Content-Length': '36'} 
 body={"name": "morpheus","job": "leader"} 
 </msg>
<msg time="2025-06-12T12:23:04.284747" level="INFO">POST Response : url=https://reqres.in/api/users 
 status=201, reason=Created 
 headers={'Date': 'Thu, 12 Jun 2025 06:53:05 GMT', 'Content-Type': 'application/json; charset=utf-8', 'Content-Length': '84', 'Connection': 'keep-alive', 'Cf-Ray': '94e76dd74a9db277-BLR', 'Report-To': '{"group":"heroku-nel","max_age":3600,"endpoints":[{"url":"https://nel.heroku.com/reports?ts=1749711184&amp;sid=c4c9725f-1ab0-44d8-820f-430df2718e11&amp;s=q%2BnEkbfDdfb99JhlCEsP5XHlUI2vztLJotygKs3p8Tc%3D"}]}', 'Reporting-Endpoints': 'heroku-nel=https://nel.heroku.com/reports?ts=1749711184&amp;sid=c4c9725f-1ab0-44d8-820f-430df2718e11&amp;s=q%2BnEkbfDdfb99JhlCEsP5XHlUI2vztLJotygKs3p8Tc%3D', 'Nel': '{"report_to":"heroku-nel","max_age":3600,"success_fraction":0.005,"failure_fraction":0.05,"response_headers":["Via"]}', 'X-Powered-By': 'Express', 'Access-Control-Allow-Origin': '*', 'Ratelimit-Policy': '100;w=60', 'Ratelimit-Limit': '100', 'Ratelimit-Remaining': '96', 'Ratelimit-Reset': '44', 'Etag': 'W/"54-sIadPgJOe6XrmkkAQBzhe+tUE0s"', 'Via': '1.1 vegur', 'Cf-Cache-Status': 'DYNAMIC', 'Server': 'cloudflare', 'server-timing': 'cfL4;desc="?proto=TCP&amp;rtt=37682&amp;min_rtt=37675&amp;rtt_var=10602&amp;sent=4&amp;recv=7&amp;lost=0&amp;retrans=0&amp;sent_bytes=2834&amp;recv_bytes=906&amp;delivery_rate=76833&amp;cwnd=251&amp;unsent_bytes=0&amp;cid=322a70e7eba65322&amp;ts=601&amp;x=0"'} 
 body={"name":"morpheus","job":"leader","id":"984","createdAt":"2025-06-12T06:53:04.984Z"} 
 </msg>
<msg time="2025-06-12T12:23:04.284917" level="INFO">C:\Users\akcha\PycharmProjects\RobotframeWork1\.venv\Lib\site-packages\urllib3\connectionpool.py:1097: InsecureRequestWarning: Unverified HTTPS request is being made to host 'reqres.in'. Adding certificate verification is strongly advised. See: https://urllib3.readthedocs.io/en/latest/advanced-usage.html#tls-warnings
  warnings.warn(</msg>
<msg time="2025-06-12T12:23:04.286283" level="INFO">${response} = &lt;Response [201]&gt;</msg>
<var>${response}</var>
<arg>reqres</arg>
<arg>${ENDPOINT}</arg>
<arg>data=${BODY}</arg>
<arg>headers=${HEADERS}</arg>
<doc>Sends a POST request on a previously created HTTP Session.</doc>
<status status="PASS" start="2025-06-12T12:23:03.471573" elapsed="0.814848"/>
</kw>
<kw name="Log" owner="BuiltIn">
<msg time="2025-06-12T12:23:04.288286" level="INFO">201</msg>
<arg>${response.status_code}</arg>
<doc>Logs the given message with the given level.</doc>
<status status="PASS" start="2025-06-12T12:23:04.287093" elapsed="0.001297"/>
</kw>
<kw name="Log" owner="BuiltIn">
<msg time="2025-06-12T12:23:04.289810" level="INFO">{"name":"morpheus","job":"leader","id":"984","createdAt":"2025-06-12T06:53:04.984Z"}</msg>
<arg>${response.content}</arg>
<doc>Logs the given message with the given level.</doc>
<status status="PASS" start="2025-06-12T12:23:04.288890" elapsed="0.001014"/>
</kw>
<kw name="Should Be Equal As Numbers" owner="BuiltIn">
<msg time="2025-06-12T12:23:04.291692" level="INFO">Argument types are:
&lt;class 'int'&gt;
&lt;class 'str'&gt;</msg>
<arg>${response.status_code}</arg>
<arg>201</arg>
<doc>Fails if objects are unequal after converting them to real numbers.</doc>
<status status="PASS" start="2025-06-12T12:23:04.291051" elapsed="0.000753"/>
</kw>
<status status="PASS" start="2025-06-12T12:23:03.467820" elapsed="0.824294"/>
</test>
<status status="PASS" start="2025-06-12T12:23:03.056255" elapsed="1.236758"/>
</suite>
<statistics>
<total>
<stat pass="1" fail="0" skip="0">All Tests</stat>
</total>
<tag>
</tag>
<suite>
<stat name="POST" id="s1" pass="1" fail="0" skip="0">POST</stat>
</suite>
</statistics>
<errors>
</errors>
</robot>
